<?xml version="1.0" encoding="UTF-8"?>
<!-- Generated by org.testng.reporters.JUnitXMLReporter -->
<testsuite hostname="LAPTOP-O9E931T1" ignored="2" name="Test_1" tests="2" failures="0" timestamp="15 Sep 2021 09:47:18 GMT" time="28.323" errors="0">
  <testcase name="creatNewLeadByGivingValidInputToAnnualRevenueTest" time="8.331" classname="com.crm.VtigerTestCases.TC_11_creatNewLeadByGivingValidInputToAnnualRevenueTest"/>
  <testcase name="creatNewLeadByGivingValidInputToNoOfEmployeeTest" time="7.183" classname="com.crm.VtigerTestCases.TC_13_creatNewLeadByGivingValidInputToNoOfEmployeeTest"/>
  <testcase name="@AfterSuite closeDB" time="0.0" classname="com.crm.Vtiger.GenericUtilities.BaseClass">
    <ignored/>
  </testcase> <!-- @AfterSuite closeDB -->
  <testcase name="@BeforeSuite connectToDB" time="0.0" classname="com.crm.Vtiger.GenericUtilities.BaseClass">
    <ignored/>
  </testcase> <!-- @BeforeSuite connectToDB -->
</testsuite> <!-- Test_1 -->
