<?xml version="1.0" encoding="UTF-8"?>
<!-- Generated by org.testng.reporters.JUnitXMLReporter -->
<testsuite hostname="LAPTOP-O9E931T1" ignored="8" name="Test" tests="9" failures="1" timestamp="17 Sep 2021 06:56:24 GMT" time="159.558" errors="0">
  <testcase name="creatNewLeadByGivingValidInputToAnnualRevenueTest" time="15.273" classname="com.crm.VtigerTestCases.TC_11_creatNewLeadByGivingValidInputToAnnualRevenueTest"/>
  <testcase name="creatNewLeadByGivingValidInputToNoOfEmployeeTest" time="14.575" classname="com.crm.VtigerTestCases.TC_13_creatNewLeadByGivingValidInputToNoOfEmployeeTest">
    <skipped/>
  </testcase> <!-- creatNewLeadByGivingValidInputToNoOfEmployeeTest -->
  <testcase name="creatNewLeadByGivingValidInputToNoOfEmployeeTest" time="15.031" classname="com.crm.VtigerTestCases.TC_13_creatNewLeadByGivingValidInputToNoOfEmployeeTest">
    <skipped/>
  </testcase> <!-- creatNewLeadByGivingValidInputToNoOfEmployeeTest -->
  <testcase name="creatNewLeadByGivingValidInputToNoOfEmployeeTest" time="14.422" classname="com.crm.VtigerTestCases.TC_13_creatNewLeadByGivingValidInputToNoOfEmployeeTest">
    <skipped/>
  </testcase> <!-- creatNewLeadByGivingValidInputToNoOfEmployeeTest -->
  <testcase name="creatNewLeadByGivingValidInputToNoOfEmployeeTest" time="14.754" classname="com.crm.VtigerTestCases.TC_13_creatNewLeadByGivingValidInputToNoOfEmployeeTest">
    <skipped/>
  </testcase> <!-- creatNewLeadByGivingValidInputToNoOfEmployeeTest -->
  <testcase name="creatNewLeadByGivingValidInputToNoOfEmployeeTest" time="14.278" classname="com.crm.VtigerTestCases.TC_13_creatNewLeadByGivingValidInputToNoOfEmployeeTest">
    <failure type="java.lang.AssertionError" message="expected [true] but found [false]">
      <![CDATA[java.lang.AssertionError: expected [true] but found [false]
at com.crm.VtigerTestCases.TC_13_creatNewLeadByGivingValidInputToNoOfEmployeeTest.creatNewLeadByGivingValidInputToNoOfEmployeeTest(TC_13_creatNewLeadByGivingValidInputToNoOfEmployeeTest.java:36)
... Removed 31 stack frames]]>
    </failure>
  </testcase> <!-- creatNewLeadByGivingValidInputToNoOfEmployeeTest -->
  <testcase name="creatNewLeadByGivingInvalidInputToAnnualRevenueTest" time="4.357" classname="com.crm.VtigerTestCases.TC_12_creatNewLeadByGivingInvalidInputToAnnualRevenueTest"/>
  <testcase name="creatNewLeadByGivingValidInputToNoOfEmployeeTest" time="5.71" classname="com.crm.VtigerTestCases.TC_15_creatNewLeadByGivingValidInputToEmailAndSecondaryEmailTest"/>
  <testcase name="creatNewLeadByGivingValidInputToNoOfEmployeeTest" time="3.877" classname="com.crm.VtigerTestCases.TC_14_creatNewLeadByGivingInvalidInputToNoOfEmployeeTest"/>
  <testcase name="@AfterSuite closeDB" time="0.0" classname="com.crm.Vtiger.GenericUtilities.BaseClass">
    <ignored/>
  </testcase> <!-- @AfterSuite closeDB -->
  <testcase name="@AfterSuite closeDB" time="0.0" classname="com.crm.Vtiger.GenericUtilities.BaseClass">
    <ignored/>
  </testcase> <!-- @AfterSuite closeDB -->
  <testcase name="@AfterSuite closeDB" time="0.0" classname="com.crm.Vtiger.GenericUtilities.BaseClass">
    <ignored/>
  </testcase> <!-- @AfterSuite closeDB -->
  <testcase name="@AfterSuite closeDB" time="0.0" classname="com.crm.Vtiger.GenericUtilities.BaseClass">
    <ignored/>
  </testcase> <!-- @AfterSuite closeDB -->
  <testcase name="@BeforeSuite connectToDB" time="0.0" classname="com.crm.Vtiger.GenericUtilities.BaseClass">
    <ignored/>
  </testcase> <!-- @BeforeSuite connectToDB -->
  <testcase name="@BeforeSuite connectToDB" time="0.0" classname="com.crm.Vtiger.GenericUtilities.BaseClass">
    <ignored/>
  </testcase> <!-- @BeforeSuite connectToDB -->
  <testcase name="@BeforeSuite connectToDB" time="0.0" classname="com.crm.Vtiger.GenericUtilities.BaseClass">
    <ignored/>
  </testcase> <!-- @BeforeSuite connectToDB -->
  <testcase name="@BeforeSuite connectToDB" time="0.0" classname="com.crm.Vtiger.GenericUtilities.BaseClass">
    <ignored/>
  </testcase> <!-- @BeforeSuite connectToDB -->
</testsuite> <!-- Test -->
