<?xml version="1.0" encoding="UTF-8"?>
<!-- Generated by org.testng.reporters.JUnitXMLReporter -->
<testsuite hostname="LAPTOP-O9E931T1" ignored="2" name="Test_2" tests="2" failures="0" timestamp="15 Sep 2021 09:47:15 GMT" time="25.061" errors="0">
  <testcase name="creatNewLeadByGivingInvalidInputToAnnualRevenueTest" time="6.324" classname="com.crm.VtigerTestCases.TC_12_creatNewLeadByGivingInvalidInputToAnnualRevenueTest"/>
  <testcase name="creatNewLeadByGivingValidInputToNoOfEmployeeTest" time="5.77" classname="com.crm.VtigerTestCases.TC_14_creatNewLeadByGivingInvalidInputToNoOfEmployeeTest"/>
  <testcase name="@AfterSuite closeDB" time="0.0" classname="com.crm.Vtiger.GenericUtilities.BaseClass">
    <ignored/>
  </testcase> <!-- @AfterSuite closeDB -->
  <testcase name="@BeforeSuite connectToDB" time="0.0" classname="com.crm.Vtiger.GenericUtilities.BaseClass">
    <ignored/>
  </testcase> <!-- @BeforeSuite connectToDB -->
</testsuite> <!-- Test_2 -->
